<?xml version="1.0" encoding="UTF-8"?>
<!-- Generated by org.testng.reporters.JUnitReportReporter -->
<testsuite hostname="DESKTOP-6891DEK" failures="0" tests="2" name="mavenBuildManagement.RestAPItest" time="0.006" errors="0" timestamp="10 Jan 2023 12:19:00 GMT" skipped="0">
  <testcase classname="mavenBuildManagement.RestAPItest" name="deleteTwiter" time="0.005"/>
  <testcase classname="mavenBuildManagement.RestAPItest" name="postJIRA" time="0.001"/>
</testsuite> <!-- mavenBuildManagement.RestAPItest -->
