<?xml version="1.0" encoding="UTF-8"?>
<!-- Generated by org.testng.reporters.JUnitReportReporter -->
<testsuite hostname="DESKTOP-6891DEK" failures="0" tests="2" name="mavenBuildManagement.AppiunTest" time="0.009" errors="0" timestamp="10 Jan 2023 12:19:48 GMT" skipped="0">
  <testcase classname="mavenBuildManagement.AppiunTest" name="NativeAPPandroid" time="0.000"/>
  <testcase classname="mavenBuildManagement.AppiunTest" name="IOSapp" time="0.009"/>
</testsuite> <!-- mavenBuildManagement.AppiunTest -->
